This is pdfTeX, Version 3.14159265-2.6-1.40.20 (MiKTeX 2.9.7050 64-bit) (preloaded format=pdflatex 2019.7.24)  12 SEP 2019 15:04
entering extended mode
**./seminar1.tex
(seminar1.tex
LaTeX2e <2018-12-01>
! Undefined control sequence.
l.1 \section
            {–°–µ–º–∏–Ω–∞—Ä 1}
The control sequence at the end of the top line
of your error message was never \def'ed. If you have
misspelled it (e.g., `\hobx'), type `I' and the correct
spelling (e.g., `I\hbox'). Otherwise just continue,
and I'll forget about whatever was undefined.


! Package inputenc Error: Unicode character –° (U+0421)
(inputenc)                not set up for use with LaTeX.

See the inputenc package documentation for explanation.
Type  H <return>  for immediate help.
 ...                                              
                                                  
l.1 \section{–°
               –µ–º–∏–Ω–∞—Ä 1}
You may provide a definition with
\DeclareUnicodeCharacter 


! Package inputenc Error: Unicode character –µ (U+0435)
(inputenc)                not set up for use with LaTeX.

See the inputenc package documentation for explanation.
Type  H <return>  for immediate help.
 ...                                              
                                                  
l.1 \section{–°–µ
                 –º–∏–Ω–∞—Ä 1}
You may provide a definition with
\DeclareUnicodeCharacter 


! Package inputenc Error: Unicode character –º (U+043C)
(inputenc)                not set up for use with LaTeX.

See the inputenc package documentation for explanation.
Type  H <return>  for immediate help.
 ...                                              
                                                  
l.1 \section{–°–µ–º
                   –∏–Ω–∞—Ä 1}
You may provide a definition with
\DeclareUnicodeCharacter 


! Package inputenc Error: Unicode character –∏ (U+0438)
(inputenc)                not set up for use with LaTeX.

See the inputenc package documentation for explanation.
Type  H <return>  for immediate help.
 ...                                              
                                                  
l.1 \section{–°–µ–º–∏
                     –Ω–∞—Ä 1}
You may provide a definition with
\DeclareUnicodeCharacter 


! Package inputenc Error: Unicode character –Ω (U+043D)
(inputenc)                not set up for use with LaTeX.

See the inputenc package documentation for explanation.
Type  H <return>  for immediate help.
 ...                                              
                                                  
l.1 \section{–°–µ–º–∏–Ω
                       –∞—Ä 1}
You may provide a definition with
\DeclareUnicodeCharacter 


! Package inputenc Error: Unicode character –∞ (U+0430)
(inputenc)                not set up for use with LaTeX.

See the inputenc package documentation for explanation.
Type  H <return>  for immediate help.
 ...                                              
                                                  
l.1 \section{–°–µ–º–∏–Ω–∞
                         —Ä 1}
You may provide a definition with
\DeclareUnicodeCharacter 


! Package inputenc Error: Unicode character —Ä (U+0440)
(inputenc)                not set up for use with LaTeX.

See the inputenc package documentation for explanation.
Type  H <return>  for immediate help.
 ...                                              
                                                  
l.1 \section{–°–µ–º–∏–Ω–∞—Ä
                            1}
You may provide a definition with
\DeclareUnicodeCharacter 


! LaTeX Error: Missing \begin{document}.

See the LaTeX manual or LaTeX Companion for explanation.
Type  H <return>  for immediate help.
 ...                                              
                                                  
l.1 \section{–°–µ–º–∏–Ω–∞—Ä 1
                             }
You're in trouble here.  Try typing  <return>  to proceed.
If that doesn't work, type  X <return>  to quit.

Missing character: There is no 1 in font nullfont!

! LaTeX Error: Environment exercise undefined.

See the LaTeX manual or LaTeX Companion for explanation.
Type  H <return>  for immediate help.
 ...                                              
                                                  
l.2 \begin{exercise}
                    
Your command was ignored.
Type  I <command> <return>  to replace it with another command,
or  <return>  to continue without it.


! Package inputenc Error: Unicode character –ü (U+041F)
(inputenc)                not set up for use with LaTeX.

See the inputenc package documentation for explanation.
Type  H <return>  for immediate help.
 ...                                              
                                                  
l.3 	–ü
       –æ–∫–∞–∂–∏—Ç–µ, —á—Ç–æ —É–Ω–∏—Ç–∞—Ä–Ω—ã–µ –º–∞—Ç—Ä–∏—Ü—ã, –∫–∞–∫ –∏ —...

You may provide a definition with
\DeclareUnicodeCharacter 


! Package inputenc Error: Unicode character –æ (U+043E)
(inputenc)                not set up for use with LaTeX.

See the inputenc package documentation for explanation.
Type  H <return>  for immediate help.
 ...                                              
                                                  
l.3 	–ü–æ
         –∫–∞–∂–∏—Ç–µ, —á—Ç–æ —É–Ω–∏—Ç–∞—Ä–Ω—ã–µ –º–∞—Ç—Ä–∏—Ü—ã, –∫–∞–∫ –∏ —...

You may provide a definition with
\DeclareUnicodeCharacter 


! Package inputenc Error: Unicode character –∫ (U+043A)
(inputenc)                not set up for use with LaTeX.

See the inputenc package documentation for explanation.
Type  H <return>  for immediate help.
 ...                                              
                                                  
l.3 	–ü–æ–∫
           –∞–∂–∏—Ç–µ, —á—Ç–æ —É–Ω–∏—Ç–∞—Ä–Ω—ã–µ –º–∞—Ç—Ä–∏—Ü—ã, –∫–∞–∫ –∏ —...

You may provide a definition with
\DeclareUnicodeCharacter 


! Package inputenc Error: Unicode character –∞ (U+0430)
(inputenc)                not set up for use with LaTeX.

See the inputenc package documentation for explanation.
Type  H <return>  for immediate help.
 ...                                              
                                                  
l.3 	–ü–æ–∫–∞
             –∂–∏—Ç–µ, —á—Ç–æ —É–Ω–∏—Ç–∞—Ä–Ω—ã–µ –º–∞—Ç—Ä–∏—Ü—ã, –∫–∞–∫ –∏ —...

You may provide a definition with
\DeclareUnicodeCharacter 


! Package inputenc Error: Unicode character –∂ (U+0436)
(inputenc)                not set up for use with LaTeX.

See the inputenc package documentation for explanation.
Type  H <return>  for immediate help.
 ...                                              
                                                  
l.3 	–ü–æ–∫–∞–∂
               –∏—Ç–µ, —á—Ç–æ —É–Ω–∏—Ç–∞—Ä–Ω—ã–µ –º–∞—Ç—Ä–∏—Ü—ã, –∫–∞–∫ –∏ —...

You may provide a definition with
\DeclareUnicodeCharacter 


! Package inputenc Error: Unicode character –∏ (U+0438)
(inputenc)                not set up for use with LaTeX.

See the inputenc package documentation for explanation.
Type  H <return>  for immediate help.
 ...                                              
                                                  
l.3 	–ü–æ–∫–∞–∂–∏
                 —Ç–µ, —á—Ç–æ —É–Ω–∏—Ç–∞—Ä–Ω—ã–µ –º–∞—Ç—Ä–∏—Ü—ã, –∫–∞–∫ –∏ —...

You may provide a definition with
\DeclareUnicodeCharacter 


! Package inputenc Error: Unicode character —Ç (U+0442)
(inputenc)                not set up for use with LaTeX.

See the inputenc package documentation for explanation.
Type  H <return>  for immediate help.
 ...                                              
                                                  
l.3 	–ü–æ–∫–∞–∂–∏—Ç
                   –µ, —á—Ç–æ —É–Ω–∏—Ç–∞—Ä–Ω—ã–µ –º–∞—Ç—Ä–∏—Ü—ã, –∫–∞–∫ –∏ —...

You may provide a definition with
\DeclareUnicodeCharacter 


! Package inputenc Error: Unicode character –µ (U+0435)
(inputenc)                not set up for use with LaTeX.

See the inputenc package documentation for explanation.
Type  H <return>  for immediate help.
 ...                                              
                                                  
l.3 	–ü–æ–∫–∞–∂–∏—Ç–µ
                     , —á—Ç–æ —É–Ω–∏—Ç–∞—Ä–Ω—ã–µ –º–∞—Ç—Ä–∏—Ü—ã, –∫–∞–∫ –∏ —...

You may provide a definition with
\DeclareUnicodeCharacter 

Missing character: There is no , in font nullfont!

! Package inputenc Error: Unicode character —á (U+0447)
(inputenc)                not set up for use with LaTeX.

See the inputenc package documentation for explanation.
Type  H <return>  for immediate help.
 ...                                              
                                                  
l.3 	–ü–æ–∫–∞–∂–∏—Ç–µ, —á
                         —Ç–æ —É–Ω–∏—Ç–∞—Ä–Ω—ã–µ –º–∞—Ç—Ä–∏—Ü—ã, –∫–∞–∫ –∏ —...

You may provide a definition with
\DeclareUnicodeCharacter 


! Package inputenc Error: Unicode character —Ç (U+0442)
(inputenc)                not set up for use with LaTeX.

See the inputenc package documentation for explanation.
Type  H <return>  for immediate help.
 ...                                              
                                                  
l.3 	–ü–æ–∫–∞–∂–∏—Ç–µ, —á—Ç
                           –æ —É–Ω–∏—Ç–∞—Ä–Ω—ã–µ –º–∞—Ç—Ä–∏—Ü—ã, –∫–∞–∫ –∏ —...

You may provide a definition with
\DeclareUnicodeCharacter 


! Package inputenc Error: Unicode character –æ (U+043E)
(inputenc)                not set up for use with LaTeX.

See the inputenc package documentation for explanation.
Type  H <return>  for immediate help.
 ...                                              
                                                  
l.3 	–ü–æ–∫–∞–∂–∏—Ç–µ, —á—Ç–æ
                              —É–Ω–∏—Ç–∞—Ä–Ω—ã–µ –º–∞—Ç—Ä–∏—Ü—ã, –∫–∞–∫ –∏ —...

You may provide a definition with
\DeclareUnicodeCharacter 


! Package inputenc Error: Unicode character —É (U+0443)
(inputenc)                not set up for use with LaTeX.

See the inputenc package documentation for explanation.
Type  H <return>  for immediate help.
 ...                                              
                                                  
l.3 	–ü–æ–∫–∞–∂–∏—Ç–µ, —á—Ç–æ —É
                                –Ω–∏—Ç–∞—Ä–Ω—ã–µ –º–∞—Ç—Ä–∏—Ü—ã, –∫–∞–∫ –∏ —...

You may provide a definition with
\DeclareUnicodeCharacter 


! Package inputenc Error: Unicode character –Ω (U+043D)
(inputenc)                not set up for use with LaTeX.

See the inputenc package documentation for explanation.
Type  H <return>  for immediate help.
 ...                                              
                                                  
l.3 	–ü–æ–∫–∞–∂–∏—Ç–µ, —á—Ç–æ —É–Ω
                                  –∏—Ç–∞—Ä–Ω—ã–µ –º–∞—Ç—Ä–∏—Ü—ã, –∫–∞–∫ –∏ —...

You may provide a definition with
\DeclareUnicodeCharacter 


! Package inputenc Error: Unicode character –∏ (U+0438)
(inputenc)                not set up for use with LaTeX.

See the inputenc package documentation for explanation.
Type  H <return>  for immediate help.
 ...                                              
                                                  
l.3 	–ü–æ–∫–∞–∂–∏—Ç–µ, —á—Ç–æ —É–Ω–∏
                                    —Ç–∞—Ä–Ω—ã–µ –º–∞—Ç—Ä–∏—Ü—ã, –∫–∞–∫ –∏ —...

You may provide a definition with
\DeclareUnicodeCharacter 


! Package inputenc Error: Unicode character —Ç (U+0442)
(inputenc)                not set up for use with LaTeX.

See the inputenc package documentation for explanation.
Type  H <return>  for immediate help.
 ...                                              
                                                  
l.3 	–ü–æ–∫–∞–∂–∏—Ç–µ, —á—Ç–æ —É–Ω–∏—Ç
                                      –∞—Ä–Ω—ã–µ –º–∞—Ç—Ä–∏—Ü—ã, –∫–∞–∫ –∏ —...

You may provide a definition with
\DeclareUnicodeCharacter 


! Package inputenc Error: Unicode character –∞ (U+0430)
(inputenc)                not set up for use with LaTeX.

See the inputenc package documentation for explanation.
Type  H <return>  for immediate help.
 ...                                              
                                                  
l.3 	–ü–æ–∫–∞–∂–∏—Ç–µ, —á—Ç–æ —É–Ω–∏—Ç–∞
                                        —Ä–Ω—ã–µ –º–∞—Ç—Ä–∏—Ü—ã, –∫–∞–∫ –∏ —...

You may provide a definition with
\DeclareUnicodeCharacter 


! Package inputenc Error: Unicode character —Ä (U+0440)
(inputenc)                not set up for use with LaTeX.

See the inputenc package documentation for explanation.
Type  H <return>  for immediate help.
 ...                                              
                                                  
l.3 	–ü–æ–∫–∞–∂–∏—Ç–µ, —á—Ç–æ —É–Ω–∏—Ç–∞—Ä
                                          –Ω—ã–µ –º–∞—Ç—Ä–∏—Ü—ã, –∫–∞–∫ –∏ —...

You may provide a definition with
\DeclareUnicodeCharacter 


! Package inputenc Error: Unicode character –Ω (U+043D)
(inputenc)                not set up for use with LaTeX.

See the inputenc package documentation for explanation.
Type  H <return>  for immediate help.
 ...                                              
                                                  
l.3 	–ü–æ–∫–∞–∂–∏—Ç–µ, —á—Ç–æ —É–Ω–∏—Ç–∞—Ä–Ω
                                            —ã–µ –º–∞—Ç—Ä–∏—Ü—ã, –∫–∞–∫ –∏ —...

You may provide a definition with
\DeclareUnicodeCharacter 


! Package inputenc Error: Unicode character —ã (U+044B)
(inputenc)                not set up for use with LaTeX.

See the inputenc package documentation for explanation.
Type  H <return>  for immediate help.
 ...                                              
                                                  
l.3 	–ü–æ–∫–∞–∂–∏—Ç–µ, —á—Ç–æ —É–Ω–∏—Ç–∞—Ä–Ω—ã
                                              –µ –º–∞—Ç—Ä–∏—Ü—ã, –∫–∞–∫ –∏ —...

You may provide a definition with
\DeclareUnicodeCharacter 


! Package inputenc Error: Unicode character –µ (U+0435)
(inputenc)                not set up for use with LaTeX.

See the inputenc package documentation for explanation.
Type  H <return>  for immediate help.
 ...                                              
                                                  
l.3 	–ü–æ–∫–∞–∂–∏—Ç–µ, —á—Ç–æ —É–Ω–∏—Ç–∞—Ä–Ω—ã–µ
                                                 –º–∞—Ç—Ä–∏—Ü—ã, –∫–∞–∫ –∏ —...

You may provide a definition with
\DeclareUnicodeCharacter 


! Package inputenc Error: Unicode character –º (U+043C)
(inputenc)                not set up for use with LaTeX.

See the inputenc package documentation for explanation.
Type  H <return>  for immediate help.
 ...                                              
                                                  
l.3 ...æ–∫–∞–∂–∏—Ç–µ, —á—Ç–æ —É–Ω–∏—Ç–∞—Ä–Ω—ã–µ –º
                                                  –∞—Ç—Ä–∏—Ü—ã, –∫–∞–∫ –∏ —ç...

You may provide a definition with
\DeclareUnicodeCharacter 


! Package inputenc Error: Unicode character –∞ (U+0430)
(inputenc)                not set up for use with LaTeX.

See the inputenc package documentation for explanation.
Type  H <return>  for immediate help.
 ...                                              
                                                  
l.3 ...∫–∞–∂–∏—Ç–µ, —á—Ç–æ —É–Ω–∏—Ç–∞—Ä–Ω—ã–µ –º–∞
                                                  —Ç—Ä–∏—Ü—ã, –∫–∞–∫ –∏ —ç—Ä...

You may provide a definition with
\DeclareUnicodeCharacter 


! Package inputenc Error: Unicode character —Ç (U+0442)
(inputenc)                not set up for use with LaTeX.

See the inputenc package documentation for explanation.
Type  H <return>  for immediate help.
 ...                                              
                                                  
l.3 ...∞–∂–∏—Ç–µ, —á—Ç–æ —É–Ω–∏—Ç–∞—Ä–Ω—ã–µ –º–∞—Ç
                                                  —Ä–∏—Ü—ã, –∫–∞–∫ –∏ —ç—Ä–º...

You may provide a definition with
\DeclareUnicodeCharacter 


! Package inputenc Error: Unicode character —Ä (U+0440)
(inputenc)                not set up for use with LaTeX.

See the inputenc package documentation for explanation.
Type  H <return>  for immediate help.
 ...                                              
                                                  
l.3 ...∂–∏—Ç–µ, —á—Ç–æ —É–Ω–∏—Ç–∞—Ä–Ω—ã–µ –º–∞—Ç—Ä
                                                  –∏—Ü—ã, –∫–∞–∫ –∏ —ç—Ä–º–∏...

You may provide a definition with
\DeclareUnicodeCharacter 


! Package inputenc Error: Unicode character –∏ (U+0438)
(inputenc)                not set up for use with LaTeX.

See the inputenc package documentation for explanation.
Type  H <return>  for immediate help.
 ...                                              
                                                  
l.3 ...∏—Ç–µ, —á—Ç–æ —É–Ω–∏—Ç–∞—Ä–Ω—ã–µ –º–∞—Ç—Ä–∏
                                                  —Ü—ã, –∫–∞–∫ –∏ —ç—Ä–º–∏—Ç...

You may provide a definition with
\DeclareUnicodeCharacter 


! Package inputenc Error: Unicode character —Ü (U+0446)
(inputenc)                not set up for use with LaTeX.

See the inputenc package documentation for explanation.
Type  H <return>  for immediate help.
 ...                                              
                                                  
l.3 ...Ç–µ, —á—Ç–æ —É–Ω–∏—Ç–∞—Ä–Ω—ã–µ –º–∞—Ç—Ä–∏—Ü
                                                  —ã, –∫–∞–∫ –∏ —ç—Ä–º–∏—Ç–æ...

You may provide a definition with
\DeclareUnicodeCharacter 


! Package inputenc Error: Unicode character —ã (U+044B)
(inputenc)                not set up for use with LaTeX.

See the inputenc package documentation for explanation.
Type  H <return>  for immediate help.
 ...                                              
                                                  
l.3 ...µ, —á—Ç–æ —É–Ω–∏—Ç–∞—Ä–Ω—ã–µ –º–∞—Ç—Ä–∏—Ü—ã
                                                  , –∫–∞–∫ –∏ —ç—Ä–º–∏—Ç–æ–≤...

You may provide a definition with
\DeclareUnicodeCharacter 

Missing character: There is no , in font nullfont!

! Package inputenc Error: Unicode character –∫ (U+043A)
(inputenc)                not set up for use with LaTeX.

See the inputenc package documentation for explanation.
Type  H <return>  for immediate help.
 ...                                              
                                                  
l.3 ...á—Ç–æ —É–Ω–∏—Ç–∞—Ä–Ω—ã–µ –º–∞—Ç—Ä–∏—Ü—ã, –∫
                                                  –∞–∫ –∏ —ç—Ä–º–∏—Ç–æ–≤—ã, ...

You may provide a definition with
\DeclareUnicodeCharacter 


! Package inputenc Error: Unicode character –∞ (U+0430)
(inputenc)                not set up for use with LaTeX.

See the inputenc package documentation for explanation.
Type  H <return>  for immediate help.
 ...                                              
                                                  
l.3 ...Ç–æ —É–Ω–∏—Ç–∞—Ä–Ω—ã–µ –º–∞—Ç—Ä–∏—Ü—ã, –∫–∞
                                                  –∫ –∏ —ç—Ä–º–∏—Ç–æ–≤—ã, –¥...

You may provide a definition with
\DeclareUnicodeCharacter 


! Package inputenc Error: Unicode character –∫ (U+043A)
(inputenc)                not set up for use with LaTeX.

See the inputenc package documentation for explanation.
Type  H <return>  for immediate help.
 ...                                              
                                                  
l.3 ...æ —É–Ω–∏—Ç–∞—Ä–Ω—ã–µ –º–∞—Ç—Ä–∏—Ü—ã, –∫–∞–∫
                                                   –∏ —ç—Ä–º–∏—Ç–æ–≤—ã, –¥–∏...

You may provide a definition with
\DeclareUnicodeCharacter 


! Package inputenc Error: Unicode character –∏ (U+0438)
(inputenc)                not set up for use with LaTeX.

See the inputenc package documentation for explanation.
Type  H <return>  for immediate help.
 ...                                              
                                                  
l.3 ...É–Ω–∏—Ç–∞—Ä–Ω—ã–µ –º–∞—Ç—Ä–∏—Ü—ã, –∫–∞–∫ –∏
                                                   —ç—Ä–º–∏—Ç–æ–≤—ã, –¥–∏–∞–...

You may provide a definition with
\DeclareUnicodeCharacter 


! Package inputenc Error: Unicode character —ç (U+044D)
(inputenc)                not set up for use with LaTeX.

See the inputenc package documentation for explanation.
Type  H <return>  for immediate help.
 ...                                              
                                                  
l.3 ...–∏—Ç–∞—Ä–Ω—ã–µ –º–∞—Ç—Ä–∏—Ü—ã, –∫–∞–∫ –∏ —ç
                                                  —Ä–º–∏—Ç–æ–≤—ã, –¥–∏–∞–≥–æ...

You may provide a definition with
\DeclareUnicodeCharacter 


! Package inputenc Error: Unicode character —Ä (U+0440)
(inputenc)                not set up for use with LaTeX.

See the inputenc package documentation for explanation.
Type  H <return>  for immediate help.
 ...                                              
                                                  
l.3 ...—Ç–∞—Ä–Ω—ã–µ –º–∞—Ç—Ä–∏—Ü—ã, –∫–∞–∫ –∏ —ç—Ä
                                                  –º–∏—Ç–æ–≤—ã, –¥–∏–∞–≥–æ–Ω...

You may provide a definition with
\DeclareUnicodeCharacter 


! Package inputenc Error: Unicode character –º (U+043C)
(inputenc)                not set up for use with LaTeX.

See the inputenc package documentation for explanation.
Type  H <return>  for immediate help.
 ...                                              
                                                  
l.3 ...–∞—Ä–Ω—ã–µ –º–∞—Ç—Ä–∏—Ü—ã, –∫–∞–∫ –∏ —ç—Ä–º
                                                  –∏—Ç–æ–≤—ã, –¥–∏–∞–≥–æ–Ω–∞...

You may provide a definition with
\DeclareUnicodeCharacter 


! Package inputenc Error: Unicode character –∏ (U+0438)
(inputenc)                not set up for use with LaTeX.

See the inputenc package documentation for explanation.
Type  H <return>  for immediate help.
 ...                                              
                                                  
l.3 ...—Ä–Ω—ã–µ –º–∞—Ç—Ä–∏—Ü—ã, –∫–∞–∫ –∏ —ç—Ä–º–∏
                                                  —Ç–æ–≤—ã, –¥–∏–∞–≥–æ–Ω–∞–ª...

You may provide a definition with
\DeclareUnicodeCharacter 


! Package inputenc Error: Unicode character —Ç (U+0442)
(inputenc)                not set up for use with LaTeX.

See the inputenc package documentation for explanation.
Type  H <return>  for immediate help.
 ...                                              
                                                  
l.3 ...–Ω—ã–µ –º–∞—Ç—Ä–∏—Ü—ã, –∫–∞–∫ –∏ —ç—Ä–º–∏—Ç
                                                  –æ–≤—ã, –¥–∏–∞–≥–æ–Ω–∞–ª–∏...

You may provide a definition with
\DeclareUnicodeCharacter 


! Package inputenc Error: Unicode character –æ (U+043E)
(inputenc)                not set up for use with LaTeX.

See the inputenc package documentation for explanation.
Type  H <return>  for immediate help.
 ...                                              
                                                  
l.3 ...—ã–µ –º–∞—Ç—Ä–∏—Ü—ã, –∫–∞–∫ –∏ —ç—Ä–º–∏—Ç–æ
                                                  –≤—ã, –¥–∏–∞–≥–æ–Ω–∞–ª–∏–∑...

You may provide a definition with
\DeclareUnicodeCharacter 


! Package inputenc Error: Unicode character –≤ (U+0432)
(inputenc)                not set up for use with LaTeX.

See the inputenc package documentation for explanation.
Type  H <return>  for immediate help.
 ...                                              
                                                  
l.3 ...–µ –º–∞—Ç—Ä–∏—Ü—ã, –∫–∞–∫ –∏ —ç—Ä–º–∏—Ç–æ–≤
                                                  —ã, –¥–∏–∞–≥–æ–Ω–∞–ª–∏–∑—É...

You may provide a definition with
\DeclareUnicodeCharacter 


! Package inputenc Error: Unicode character —ã (U+044B)
(inputenc)                not set up for use with LaTeX.

See the inputenc package documentation for explanation.
Type  H <return>  for immediate help.
 ...                                              
                                                  
l.3 ... –º–∞—Ç—Ä–∏—Ü—ã, –∫–∞–∫ –∏ —ç—Ä–º–∏—Ç–æ–≤—ã
                                                  , –¥–∏–∞–≥–æ–Ω–∞–ª–∏–∑—É–µ...

You may provide a definition with
\DeclareUnicodeCharacter 

Missing character: There is no , in font nullfont!

! Package inputenc Error: Unicode character –¥ (U+0434)
(inputenc)                not set up for use with LaTeX.

See the inputenc package documentation for explanation.
Type  H <return>  for immediate help.
 ...                                              
                                                  
l.3 ...∞—Ç—Ä–∏—Ü—ã, –∫–∞–∫ –∏ —ç—Ä–º–∏—Ç–æ–≤—ã, –¥
                                                  –∏–∞–≥–æ–Ω–∞–ª–∏–∑—É–µ–º—ã...

You may provide a definition with
\DeclareUnicodeCharacter 


! Package inputenc Error: Unicode character –∏ (U+0438)
(inputenc)                not set up for use with LaTeX.

See the inputenc package documentation for explanation.
Type  H <return>  for immediate help.
 ...                                              
                                                  
l.3 ...Ç—Ä–∏—Ü—ã, –∫–∞–∫ –∏ —ç—Ä–º–∏—Ç–æ–≤—ã, –¥–∏
                                                  –∞–≥–æ–Ω–∞–ª–∏–∑—É–µ–º—ã. ...

You may provide a definition with
\DeclareUnicodeCharacter 


! Package inputenc Error: Unicode character –∞ (U+0430)
(inputenc)                not set up for use with LaTeX.

See the inputenc package documentation for explanation.
Type  H <return>  for immediate help.
 ...                                              
                                                  
l.3 ...Ä–∏—Ü—ã, –∫–∞–∫ –∏ —ç—Ä–º–∏—Ç–æ–≤—ã, –¥–∏–∞
                                                  –≥–æ–Ω–∞–ª–∏–∑—É–µ–º—ã. –£...

You may provide a definition with
\DeclareUnicodeCharacter 


! Package inputenc Error: Unicode character –≥ (U+0433)
(inputenc)                not set up for use with LaTeX.

See the inputenc package documentation for explanation.
Type  H <return>  for immediate help.
 ...                                              
                                                  
l.3 ...∏—Ü—ã, –∫–∞–∫ –∏ —ç—Ä–º–∏—Ç–æ–≤—ã, –¥–∏–∞–≥
                                                  –æ–Ω–∞–ª–∏–∑—É–µ–º—ã. –£–∫...

You may provide a definition with
\DeclareUnicodeCharacter 


! Package inputenc Error: Unicode character –æ (U+043E)
(inputenc)                not set up for use with LaTeX.

See the inputenc package documentation for explanation.
Type  H <return>  for immediate help.
 ...                                              
                                                  
l.3 ...Ü—ã, –∫–∞–∫ –∏ —ç—Ä–º–∏—Ç–æ–≤—ã, –¥–∏–∞–≥–æ
                                                  –Ω–∞–ª–∏–∑—É–µ–º—ã. –£–∫–∞...

You may provide a definition with
\DeclareUnicodeCharacter 


! Package inputenc Error: Unicode character –Ω (U+043D)
(inputenc)                not set up for use with LaTeX.

See the inputenc package documentation for explanation.
Type  H <return>  for immediate help.
 ...                                              
                                                  
l.3 ...ã, –∫–∞–∫ –∏ —ç—Ä–º–∏—Ç–æ–≤—ã, –¥–∏–∞–≥–æ–Ω
                                                  –∞–ª–∏–∑—É–µ–º—ã. –£–∫–∞–∑...

You may provide a definition with
\DeclareUnicodeCharacter 


! Package inputenc Error: Unicode character –∞ (U+0430)
(inputenc)                not set up for use with LaTeX.

See the inputenc package documentation for explanation.
Type  H <return>  for immediate help.
 ...                                              
                                                  
l.3 ... –∫–∞–∫ –∏ —ç—Ä–º–∏—Ç–æ–≤—ã, –¥–∏–∞–≥–æ–Ω–∞
                                                  –ª–∏–∑—É–µ–º—ã. –£–∫–∞–∑–∞...

You may provide a definition with
\DeclareUnicodeCharacter 


! Package inputenc Error: Unicode character –ª (U+043B)
(inputenc)                not set up for use with LaTeX.

See the inputenc package documentation for explanation.
Type  H <return>  for immediate help.
 ...                                              
                                                  
l.3 ...∫–∞–∫ –∏ —ç—Ä–º–∏—Ç–æ–≤—ã, –¥–∏–∞–≥–æ–Ω–∞–ª
                                                  –∏–∑—É–µ–º—ã. –£–∫–∞–∑–∞–Ω...

You may provide a definition with
\DeclareUnicodeCharacter 


! Package inputenc Error: Unicode character –∏ (U+0438)
(inputenc)                not set up for use with LaTeX.

See the inputenc package documentation for explanation.
Type  H <return>  for immediate help.
 ...                                              
                                                  
l.3 ...∞–∫ –∏ —ç—Ä–º–∏—Ç–æ–≤—ã, –¥–∏–∞–≥–æ–Ω–∞–ª–∏
                                                  –∑—É–µ–º—ã. –£–∫–∞–∑–∞–Ω–∏...

You may provide a definition with
\DeclareUnicodeCharacter 


! Package inputenc Error: Unicode character –∑ (U+0437)
(inputenc)                not set up for use with LaTeX.

See the inputenc package documentation for explanation.
Type  H <return>  for immediate help.
 ...                                              
                                                  
l.3 ...∫ –∏ —ç—Ä–º–∏—Ç–æ–≤—ã, –¥–∏–∞–≥–æ–Ω–∞–ª–∏–∑
                                                  —É–µ–º—ã. –£–∫–∞–∑–∞–Ω–∏–µ...

You may provide a definition with
\DeclareUnicodeCharacter 


! Package inputenc Error: Unicode character —É (U+0443)
(inputenc)                not set up for use with LaTeX.

See the inputenc package documentation for explanation.
Type  H <return>  for immediate help.
 ...                                              
                                                  
l.3 ...–∏ —ç—Ä–º–∏—Ç–æ–≤—ã, –¥–∏–∞–≥–æ–Ω–∞–ª–∏–∑—É
                                                  –µ–º—ã. –£–∫–∞–∑–∞–Ω–∏–µ: ...

You may provide a definition with
\DeclareUnicodeCharacter 


! Package inputenc Error: Unicode character –µ (U+0435)
(inputenc)                not set up for use with LaTeX.

See the inputenc package documentation for explanation.
Type  H <return>  for immediate help.
 ...                                              
                                                  
l.3 ... —ç—Ä–º–∏—Ç–æ–≤—ã, –¥–∏–∞–≥–æ–Ω–∞–ª–∏–∑—É–µ
                                                  –º—ã. –£–∫–∞–∑–∞–Ω–∏–µ: –ø...

You may provide a definition with
\DeclareUnicodeCharacter 


! Package inputenc Error: Unicode character –º (U+043C)
(inputenc)                not set up for use with LaTeX.

See the inputenc package documentation for explanation.
Type  H <return>  for immediate help.
 ...                                              
                                                  
l.3 ...ç—Ä–º–∏—Ç–æ–≤—ã, –¥–∏–∞–≥–æ–Ω–∞–ª–∏–∑—É–µ–º
                                                  —ã. –£–∫–∞–∑–∞–Ω–∏–µ: –ø–æ...

You may provide a definition with
\DeclareUnicodeCharacter 


! Package inputenc Error: Unicode character —ã (U+044B)
(inputenc)                not set up for use with LaTeX.

See the inputenc package documentation for explanation.
Type  H <return>  for immediate help.
 ...                                              
                                                  
l.3 ...Ä–º–∏—Ç–æ–≤—ã, –¥–∏–∞–≥–æ–Ω–∞–ª–∏–∑—É–µ–º—ã
                                                  . –£–∫–∞–∑–∞–Ω–∏–µ: –ø–æ–∫...

You may provide a definition with
\DeclareUnicodeCharacter 

Missing character: There is no . in font nullfont!

! Package inputenc Error: Unicode character –£ (U+0423)
(inputenc)                not set up for use with LaTeX.

See the inputenc package documentation for explanation.
Type  H <return>  for immediate help.
 ...                                              
                                                  
l.3 ...∏—Ç–æ–≤—ã, –¥–∏–∞–≥–æ–Ω–∞–ª–∏–∑—É–µ–º—ã. –£
                                                  –∫–∞–∑–∞–Ω–∏–µ: –ø–æ–∫–∞–∂...

You may provide a definition with
\DeclareUnicodeCharacter 


! Package inputenc Error: Unicode character –∫ (U+043A)
(inputenc)                not set up for use with LaTeX.

See the inputenc package documentation for explanation.
Type  H <return>  for immediate help.
 ...                                              
                                                  
l.3 ...Ç–æ–≤—ã, –¥–∏–∞–≥–æ–Ω–∞–ª–∏–∑—É–µ–º—ã. –£–∫
                                                  –∞–∑–∞–Ω–∏–µ: –ø–æ–∫–∞–∂–∏...

You may provide a definition with
\DeclareUnicodeCharacter 


! Package inputenc Error: Unicode character –∞ (U+0430)
(inputenc)                not set up for use with LaTeX.

See the inputenc package documentation for explanation.
Type  H <return>  for immediate help.
 ...                                              
                                                  
l.3 ...æ–≤—ã, –¥–∏–∞–≥–æ–Ω–∞–ª–∏–∑—É–µ–º—ã. –£–∫–∞
                                                  –∑–∞–Ω–∏–µ: –ø–æ–∫–∞–∂–∏—Ç...

You may provide a definition with
\DeclareUnicodeCharacter 


! Package inputenc Error: Unicode character –∑ (U+0437)
(inputenc)                not set up for use with LaTeX.

See the inputenc package documentation for explanation.
Type  H <return>  for immediate help.
 ...                                              
                                                  
l.3 ...≤—ã, –¥–∏–∞–≥–æ–Ω–∞–ª–∏–∑—É–µ–º—ã. –£–∫–∞–∑
                                                  –∞–Ω–∏–µ: –ø–æ–∫–∞–∂–∏—Ç–µ...

You may provide a definition with
\DeclareUnicodeCharacter 


! Package inputenc Error: Unicode character –∞ (U+0430)
(inputenc)                not set up for use with LaTeX.

See the inputenc package documentation for explanation.
Type  H <return>  for immediate help.
 ...                                              
                                                  
l.3 ...ã, –¥–∏–∞–≥–æ–Ω–∞–ª–∏–∑—É–µ–º—ã. –£–∫–∞–∑–∞
                                                  –Ω–∏–µ: –ø–æ–∫–∞–∂–∏—Ç–µ, ...

You may provide a definition with
\DeclareUnicodeCharacter 


! Package inputenc Error: Unicode character –Ω (U+043D)
(inputenc)                not set up for use with LaTeX.

See the inputenc package documentation for explanation.
Type  H <return>  for immediate help.
 ...                                              
                                                  
l.3 ... –¥–∏–∞–≥–æ–Ω–∞–ª–∏–∑—É–µ–º—ã. –£–∫–∞–∑–∞–Ω
                                                  –∏–µ: –ø–æ–∫–∞–∂–∏—Ç–µ, —á...

You may provide a definition with
\DeclareUnicodeCharacter 


! Package inputenc Error: Unicode character –∏ (U+0438)
(inputenc)                not set up for use with LaTeX.

See the inputenc package documentation for explanation.
Type  H <return>  for immediate help.
 ...                                              
                                                  
l.3 ...¥–∏–∞–≥–æ–Ω–∞–ª–∏–∑—É–µ–º—ã. –£–∫–∞–∑–∞–Ω–∏
                                                  –µ: –ø–æ–∫–∞–∂–∏—Ç–µ, —á—Ç...

You may provide a definition with
\DeclareUnicodeCharacter 


! Package inputenc Error: Unicode character –µ (U+0435)
(inputenc)                not set up for use with LaTeX.

See the inputenc package documentation for explanation.
Type  H <return>  for immediate help.
 ...                                              
                                                  
l.3 ...∏–∞–≥–æ–Ω–∞–ª–∏–∑—É–µ–º—ã. –£–∫–∞–∑–∞–Ω–∏–µ
                                                  : –ø–æ–∫–∞–∂–∏—Ç–µ, —á—Ç–æ...

You may provide a definition with
\DeclareUnicodeCharacter 

Missing character: There is no : in font nullfont!

! Package inputenc Error: Unicode character –ø (U+043F)
(inputenc)                not set up for use with LaTeX.

See the inputenc package documentation for explanation.
Type  H <return>  for immediate help.
 ...                                              
                                                  
l.3 ...≥–æ–Ω–∞–ª–∏–∑—É–µ–º—ã. –£–∫–∞–∑–∞–Ω–∏–µ: –ø
                                                  –æ–∫–∞–∂–∏—Ç–µ, —á—Ç–æ —ç—...

You may provide a definition with
\DeclareUnicodeCharacter 


! Package inputenc Error: Unicode character –æ (U+043E)
(inputenc)                not set up for use with LaTeX.

See the inputenc package documentation for explanation.
Type  H <return>  for immediate help.
 ...                                              
                                                  
l.3 ...æ–Ω–∞–ª–∏–∑—É–µ–º—ã. –£–∫–∞–∑–∞–Ω–∏–µ: –ø–æ
                                                  –∫–∞–∂–∏—Ç–µ, —á—Ç–æ —ç—Ä–...

You may provide a definition with
\DeclareUnicodeCharacter 


! Package inputenc Error: Unicode character –∫ (U+043A)
(inputenc)                not set up for use with LaTeX.

See the inputenc package documentation for explanation.
Type  H <return>  for immediate help.
 ...                                              
                                                  
l.3 ...Ω–∞–ª–∏–∑—É–µ–º—ã. –£–∫–∞–∑–∞–Ω–∏–µ: –ø–æ–∫
                                                  –∞–∂–∏—Ç–µ, —á—Ç–æ —ç—Ä–º–...

You may provide a definition with
\DeclareUnicodeCharacter 


! Package inputenc Error: Unicode character –∞ (U+0430)
(inputenc)                not set up for use with LaTeX.

See the inputenc package documentation for explanation.
Type  H <return>  for immediate help.
 ...                                              
                                                  
l.3 ...∞–ª–∏–∑—É–µ–º—ã. –£–∫–∞–∑–∞–Ω–∏–µ: –ø–æ–∫–∞
                                                  –∂–∏—Ç–µ, —á—Ç–æ —ç—Ä–º–∏—...

You may provide a definition with
\DeclareUnicodeCharacter 


! Package inputenc Error: Unicode character –∂ (U+0436)
(inputenc)                not set up for use with LaTeX.

See the inputenc package documentation for explanation.
Type  H <return>  for immediate help.
 ...                                              
                                                  
l.3 ...ª–∏–∑—É–µ–º—ã. –£–∫–∞–∑–∞–Ω–∏–µ: –ø–æ–∫–∞–∂
                                                  –∏—Ç–µ, —á—Ç–æ —ç—Ä–º–∏—Ç–...

You may provide a definition with
\DeclareUnicodeCharacter 


! Package inputenc Error: Unicode character –∏ (U+0438)
(inputenc)                not set up for use with LaTeX.

See the inputenc package documentation for explanation.
Type  H <return>  for immediate help.
 ...                                              
                                                  
l.3 ...∏–∑—É–µ–º—ã. –£–∫–∞–∑–∞–Ω–∏–µ: –ø–æ–∫–∞–∂–∏
                                                  —Ç–µ, —á—Ç–æ —ç—Ä–º–∏—Ç–æ–...

You may provide a definition with
\DeclareUnicodeCharacter 


! Package inputenc Error: Unicode character —Ç (U+0442)
(inputenc)                not set up for use with LaTeX.

See the inputenc package documentation for explanation.
Type  H <return>  for immediate help.
 ...                                              
                                                  
l.3 ...∑—É–µ–º—ã. –£–∫–∞–∑–∞–Ω–∏–µ: –ø–æ–∫–∞–∂–∏—Ç
                                                  –µ, —á—Ç–æ —ç—Ä–º–∏—Ç–æ–≤–...

You may provide a definition with
\DeclareUnicodeCharacter 


! Package inputenc Error: Unicode character –µ (U+0435)
(inputenc)                not set up for use with LaTeX.

See the inputenc package documentation for explanation.
Type  H <return>  for immediate help.
 ...                                              
                                                  
l.3 ...É–µ–º—ã. –£–∫–∞–∑–∞–Ω–∏–µ: –ø–æ–∫–∞–∂–∏—Ç–µ
                                                  , —á—Ç–æ —ç—Ä–º–∏—Ç–æ–≤–∞ ...

You may provide a definition with
\DeclareUnicodeCharacter 

Missing character: There is no , in font nullfont!

! Package inputenc Error: Unicode character —á (U+0447)
(inputenc)                not set up for use with LaTeX.

See the inputenc package documentation for explanation.
Type  H <return>  for immediate help.
 ...                                              
                                                  
l.3 ...º—ã. –£–∫–∞–∑–∞–Ω–∏–µ: –ø–æ–∫–∞–∂–∏—Ç–µ, —á
                                                  —Ç–æ —ç—Ä–º–∏—Ç–æ–≤–∞ –∏ –...

You may provide a definition with
\DeclareUnicodeCharacter 


! Package inputenc Error: Unicode character —Ç (U+0442)
(inputenc)                not set up for use with LaTeX.

See the inputenc package documentation for explanation.
Type  H <return>  for immediate help.
 ...                                              
                                                  
l.3 ...ã. –£–∫–∞–∑–∞–Ω–∏–µ: –ø–æ–∫–∞–∂–∏—Ç–µ, —á—Ç
                                                  –æ —ç—Ä–º–∏—Ç–æ–≤–∞ –∏ –∞–...

You may provide a definition with
\DeclareUnicodeCharacter 


! Package inputenc Error: Unicode character –æ (U+043E)
(inputenc)                not set up for use with LaTeX.

See the inputenc package documentation for explanation.
Type  H <return>  for immediate help.
 ...                                              
                                                  
l.3 ... –£–∫–∞–∑–∞–Ω–∏–µ: –ø–æ–∫–∞–∂–∏—Ç–µ, —á—Ç–æ
                                                   —ç—Ä–º–∏—Ç–æ–≤–∞ –∏ –∞–Ω—...

You may provide a definition with
\DeclareUnicodeCharacter 


! Package inputenc Error: Unicode character —ç (U+044D)
(inputenc)                not set up for use with LaTeX.

See the inputenc package documentation for explanation.
Type  H <return>  for immediate help.
 ...                                              
                                                  
l.3 ...–∫–∞–∑–∞–Ω–∏–µ: –ø–æ–∫–∞–∂–∏—Ç–µ, —á—Ç–æ —ç
                                                  —Ä–º–∏—Ç–æ–≤–∞ –∏ –∞–Ω—Ç–∏...

You may provide a definition with
\DeclareUnicodeCharacter 


! Package inputenc Error: Unicode character —Ä (U+0440)
(inputenc)                not set up for use with LaTeX.

See the inputenc package documentation for explanation.
Type  H <return>  for immediate help.
 ...                                              
                                                  
l.3 ...–∞–∑–∞–Ω–∏–µ: –ø–æ–∫–∞–∂–∏—Ç–µ, —á—Ç–æ —ç—Ä
                                                  –º–∏—Ç–æ–≤–∞ –∏ –∞–Ω—Ç–∏-—...

You may provide a definition with
\DeclareUnicodeCharacter 


! Package inputenc Error: Unicode character –º (U+043C)
(inputenc)                not set up for use with LaTeX.

See the inputenc package documentation for explanation.
Type  H <return>  for immediate help.
 ...                                              
                                                  
l.3 ...–∑–∞–Ω–∏–µ: –ø–æ–∫–∞–∂–∏—Ç–µ, —á—Ç–æ —ç—Ä–º
                                                  –∏—Ç–æ–≤–∞ –∏ –∞–Ω—Ç–∏-—ç—...

You may provide a definition with
\DeclareUnicodeCharacter 


! Package inputenc Error: Unicode character –∏ (U+0438)
(inputenc)                not set up for use with LaTeX.

See the inputenc package documentation for explanation.
Type  H <return>  for immediate help.
 ...                                              
                                                  
l.3 ...–∞–Ω–∏–µ: –ø–æ–∫–∞–∂–∏—Ç–µ, —á—Ç–æ —ç—Ä–º–∏
                                                  —Ç–æ–≤–∞ –∏ –∞–Ω—Ç–∏-—ç—Ä–...

You may provide a definition with
\DeclareUnicodeCharacter 


! Package inputenc Error: Unicode character —Ç (U+0442)
(inputenc)                not set up for use with LaTeX.

See the inputenc package documentation for explanation.
Type  H <return>  for immediate help.
 ...                                              
                                                  
l.3 ...–Ω–∏–µ: –ø–æ–∫–∞–∂–∏—Ç–µ, —á—Ç–æ —ç—Ä–º–∏—Ç
                                                  –æ–≤–∞ –∏ –∞–Ω—Ç–∏-—ç—Ä–º–...

You may provide a definition with
\DeclareUnicodeCharacter 


! Package inputenc Error: Unicode character –æ (U+043E)
(inputenc)                not set up for use with LaTeX.

See the inputenc package documentation for explanation.
Type  H <return>  for immediate help.
 ...                                              
                                                  
l.3 ...–∏–µ: –ø–æ–∫–∞–∂–∏—Ç–µ, —á—Ç–æ —ç—Ä–º–∏—Ç–æ
                                                  –≤–∞ –∏ –∞–Ω—Ç–∏-—ç—Ä–º–∏—...

You may provide a definition with
\DeclareUnicodeCharacter 


! Package inputenc Error: Unicode character –≤ (U+0432)
(inputenc)                not set up for use with LaTeX.

See the inputenc package documentation for explanation.
Type  H <return>  for immediate help.
 ...                                              
                                                  
l.3 ...–µ: –ø–æ–∫–∞–∂–∏—Ç–µ, —á—Ç–æ —ç—Ä–º–∏—Ç–æ–≤
                                                  –∞ –∏ –∞–Ω—Ç–∏-—ç—Ä–º–∏—Ç–...

You may provide a definition with
\DeclareUnicodeCharacter 


! Package inputenc Error: Unicode character –∞ (U+0430)
(inputenc)                not set up for use with LaTeX.

See the inputenc package documentation for explanation.
Type  H <return>  for immediate help.
 ...                                              
                                                  
l.3 ...: –ø–æ–∫–∞–∂–∏—Ç–µ, —á—Ç–æ —ç—Ä–º–∏—Ç–æ–≤–∞
                                                   –∏ –∞–Ω—Ç–∏-—ç—Ä–º–∏—Ç–æ–≤–∞

You may provide a definition with
\DeclareUnicodeCharacter 


! Package inputenc Error: Unicode character –∏ (U+0438)
(inputenc)                not set up for use with LaTeX.

See the inputenc package documentation for explanation.
Type  H <return>  for immediate help.
 ...                                              
                                                  
l.3 ...ø–æ–∫–∞–∂–∏—Ç–µ, —á—Ç–æ —ç—Ä–º–∏—Ç–æ–≤–∞ –∏
                                                   –∞–Ω—Ç–∏-—ç—Ä–º–∏—Ç–æ–≤–∞
You may provide a definition with
\DeclareUnicodeCharacter 


! Package inputenc Error: Unicode character –∞ (U+0430)
(inputenc)                not set up for use with LaTeX.

See the inputenc package documentation for explanation.
Type  H <return>  for immediate help.
 ...                                              
                                                  
l.3 ...–∫–∞–∂–∏—Ç–µ, —á—Ç–æ —ç—Ä–º–∏—Ç–æ–≤–∞ –∏ –∞
                                                  –Ω—Ç–∏-—ç—Ä–º–∏—Ç–æ–≤–∞
You may provide a definition with
\DeclareUnicodeCharacter 


! Package inputenc Error: Unicode character –Ω (U+043D)
(inputenc)                not set up for use with LaTeX.

See the inputenc package documentation for explanation.
Type  H <return>  for immediate help.
 ...                                              
                                                  
l.3 ...–∞–∂–∏—Ç–µ, —á—Ç–æ —ç—Ä–º–∏—Ç–æ–≤–∞ –∏ –∞–Ω
                                                  —Ç–∏-—ç—Ä–º–∏—Ç–æ–≤–∞
You may provide a definition with
\DeclareUnicodeCharacter 


! Package inputenc Error: Unicode character —Ç (U+0442)
(inputenc)                not set up for use with LaTeX.

See the inputenc package documentation for explanation.
Type  H <return>  for immediate help.
 ...                                              
                                                  
l.3 ...–∂–∏—Ç–µ, —á—Ç–æ —ç—Ä–º–∏—Ç–æ–≤–∞ –∏ –∞–Ω—Ç
                                                  –∏-—ç—Ä–º–∏—Ç–æ–≤–∞
You may provide a definition with
\DeclareUnicodeCharacter 


! Package inputenc Error: Unicode character –∏ (U+0438)
(inputenc)                not set up for use with LaTeX.

See the inputenc package documentation for explanation.
Type  H <return>  for immediate help.
 ...                                              
                                                  
l.3 ...–∏—Ç–µ, —á—Ç–æ —ç—Ä–º–∏—Ç–æ–≤–∞ –∏ –∞–Ω—Ç–∏
                                                  -—ç—Ä–º–∏—Ç–æ–≤–∞
You may provide a definition with
\DeclareUnicodeCharacter 

Missing character: There is no - in font nullfont!

! Package inputenc Error: Unicode character —ç (U+044D)
(inputenc)                not set up for use with LaTeX.

See the inputenc package documentation for explanation.
Type  H <return>  for immediate help.
 ...                                              
                                                  
l.3 ...Ç–µ, —á—Ç–æ —ç—Ä–º–∏—Ç–æ–≤–∞ –∏ –∞–Ω—Ç–∏-—ç
                                                  —Ä–º–∏—Ç–æ–≤–∞
You may provide a definition with
\DeclareUnicodeCharacter 


! Package inputenc Error: Unicode character —Ä (U+0440)
(inputenc)                not set up for use with LaTeX.

See the inputenc package documentation for explanation.
Type  H <return>  for immediate help.
 ...                                              
                                                  
l.3 ...µ, —á—Ç–æ —ç—Ä–º–∏—Ç–æ–≤–∞ –∏ –∞–Ω—Ç–∏-—ç—Ä
                                                  –º–∏—Ç–æ–≤–∞
You may provide a definition with
\DeclareUnicodeCharacter 


! Package inputenc Error: Unicode character –º (U+043C)
(inputenc)                not set up for use with LaTeX.

See the inputenc package documentation for explanation.
Type  H <return>  for immediate help.
 ...                                              
                                                  
l.3 ... —á—Ç–æ —ç—Ä–º–∏—Ç–æ–≤–∞ –∏ –∞–Ω—Ç–∏-—ç—Ä–º
                                                  –∏—Ç–æ–≤–∞
You may provide a definition with
\DeclareUnicodeCharacter 


! Package inputenc Error: Unicode character –∏ (U+0438)
(inputenc)                not set up for use with LaTeX.

See the inputenc package documentation for explanation.
Type  H <return>  for immediate help.
 ...                                              
                                                  
l.3 ...á—Ç–æ —ç—Ä–º–∏—Ç–æ–≤–∞ –∏ –∞–Ω—Ç–∏-—ç—Ä–º–∏
                                                  —Ç–æ–≤–∞
You may provide a definition with
\DeclareUnicodeCharacter 


! Package inputenc Error: Unicode character —Ç (U+0442)
(inputenc)                not set up for use with LaTeX.

See the inputenc package documentation for explanation.
Type  H <return>  for immediate help.
 ...                                              
                                                  
l.3 ...Ç–æ —ç—Ä–º–∏—Ç–æ–≤–∞ –∏ –∞–Ω—Ç–∏-—ç—Ä–º–∏—Ç
                                                  –æ–≤–∞
(That makes 100 errors; please try again.) 
Here is how much of TeX's memory you used:
 32 strings out of 492895
 568 string characters out of 3133479
 57609 words of memory out of 3000000
 4047 multiletter control sequences out of 15000+200000
 3640 words of font info for 14 fonts, out of 3000000 for 9000
 1141 hyphenation exceptions out of 8191
 10i,0n,10p,230b,39s stack positions out of 5000i,500n,10000p,200000b,50000s

!  ==> Fatal error occurred, no output PDF file produced!
