This is pdfTeX, Version 3.14159265-2.6-1.40.20 (MiKTeX 2.9.7050 64-bit) (preloaded format=pdflatex 2019.7.24)  4 OCT 2019 13:14
entering extended mode
**./seminar2.tex
(seminar2.tex
LaTeX2e <2018-12-01>
! Undefined control sequence.
l.1 \section
            {–°–µ–º–∏–Ω–∞—Ä 2}
The control sequence at the end of the top line
of your error message was never \def'ed. If you have
misspelled it (e.g., `\hobx'), type `I' and the correct
spelling (e.g., `I\hbox'). Otherwise just continue,
and I'll forget about whatever was undefined.


! Package inputenc Error: Unicode character –° (U+0421)
(inputenc)                not set up for use with LaTeX.

See the inputenc package documentation for explanation.
Type  H <return>  for immediate help.
 ...                                              
                                                  
l.1 \section{–°
               –µ–º–∏–Ω–∞—Ä 2}
You may provide a definition with
\DeclareUnicodeCharacter 


! Package inputenc Error: Unicode character –µ (U+0435)
(inputenc)                not set up for use with LaTeX.

See the inputenc package documentation for explanation.
Type  H <return>  for immediate help.
 ...                                              
                                                  
l.1 \section{–°–µ
                 –º–∏–Ω–∞—Ä 2}
You may provide a definition with
\DeclareUnicodeCharacter 


! Package inputenc Error: Unicode character –º (U+043C)
(inputenc)                not set up for use with LaTeX.

See the inputenc package documentation for explanation.
Type  H <return>  for immediate help.
 ...                                              
                                                  
l.1 \section{–°–µ–º
                   –∏–Ω–∞—Ä 2}
You may provide a definition with
\DeclareUnicodeCharacter 


! Package inputenc Error: Unicode character –∏ (U+0438)
(inputenc)                not set up for use with LaTeX.

See the inputenc package documentation for explanation.
Type  H <return>  for immediate help.
 ...                                              
                                                  
l.1 \section{–°–µ–º–∏
                     –Ω–∞—Ä 2}
You may provide a definition with
\DeclareUnicodeCharacter 


! Package inputenc Error: Unicode character –Ω (U+043D)
(inputenc)                not set up for use with LaTeX.

See the inputenc package documentation for explanation.
Type  H <return>  for immediate help.
 ...                                              
                                                  
l.1 \section{–°–µ–º–∏–Ω
                       –∞—Ä 2}
You may provide a definition with
\DeclareUnicodeCharacter 


! Package inputenc Error: Unicode character –∞ (U+0430)
(inputenc)                not set up for use with LaTeX.

See the inputenc package documentation for explanation.
Type  H <return>  for immediate help.
 ...                                              
                                                  
l.1 \section{–°–µ–º–∏–Ω–∞
                         —Ä 2}
You may provide a definition with
\DeclareUnicodeCharacter 


! Package inputenc Error: Unicode character —Ä (U+0440)
(inputenc)                not set up for use with LaTeX.

See the inputenc package documentation for explanation.
Type  H <return>  for immediate help.
 ...                                              
                                                  
l.1 \section{–°–µ–º–∏–Ω–∞—Ä
                            2}
You may provide a definition with
\DeclareUnicodeCharacter 


! LaTeX Error: Missing \begin{document}.

See the LaTeX manual or LaTeX Companion for explanation.
Type  H <return>  for immediate help.
 ...                                              
                                                  
l.1 \section{–°–µ–º–∏–Ω–∞—Ä 2
                             }
You're in trouble here.  Try typing  <return>  to proceed.
If that doesn't work, type  X <return>  to quit.

Missing character: There is no 2 in font nullfont!

! LaTeX Error: Environment exercise undefined.

See the LaTeX manual or LaTeX Companion for explanation.
Type  H <return>  for immediate help.
 ...                                              
                                                  
l.2 \begin{exercise}
                    
Your command was ignored.
Type  I <command> <return>  to replace it with another command,
or  <return>  to continue without it.


! Package inputenc Error: Unicode character –í (U+0412)
(inputenc)                not set up for use with LaTeX.

See the inputenc package documentation for explanation.
Type  H <return>  for immediate help.
 ...                                              
                                                  
l.3 	–í
       —ã—á–∏—Å–ª–∏—Ç–µ —Å—Ä–µ–¥–Ω–µ–µ –∑–Ω–∞—á–µ–Ω–∏–µ —Å–ø–∏–Ω–∞ $\langle\...

You may provide a definition with
\DeclareUnicodeCharacter 


! Package inputenc Error: Unicode character —ã (U+044B)
(inputenc)                not set up for use with LaTeX.

See the inputenc package documentation for explanation.
Type  H <return>  for immediate help.
 ...                                              
                                                  
l.3 	–í—ã
         —á–∏—Å–ª–∏—Ç–µ —Å—Ä–µ–¥–Ω–µ–µ –∑–Ω–∞—á–µ–Ω–∏–µ —Å–ø–∏–Ω–∞ $\langle\...

You may provide a definition with
\DeclareUnicodeCharacter 


! Package inputenc Error: Unicode character —á (U+0447)
(inputenc)                not set up for use with LaTeX.

See the inputenc package documentation for explanation.
Type  H <return>  for immediate help.
 ...                                              
                                                  
l.3 	–í—ã—á
           –∏—Å–ª–∏—Ç–µ —Å—Ä–µ–¥–Ω–µ–µ –∑–Ω–∞—á–µ–Ω–∏–µ —Å–ø–∏–Ω–∞ $\langle\...

You may provide a definition with
\DeclareUnicodeCharacter 


! Package inputenc Error: Unicode character –∏ (U+0438)
(inputenc)                not set up for use with LaTeX.

See the inputenc package documentation for explanation.
Type  H <return>  for immediate help.
 ...                                              
                                                  
l.3 	–í—ã—á–∏
             —Å–ª–∏—Ç–µ —Å—Ä–µ–¥–Ω–µ–µ –∑–Ω–∞—á–µ–Ω–∏–µ —Å–ø–∏–Ω–∞ $\langle\...

You may provide a definition with
\DeclareUnicodeCharacter 


! Package inputenc Error: Unicode character —Å (U+0441)
(inputenc)                not set up for use with LaTeX.

See the inputenc package documentation for explanation.
Type  H <return>  for immediate help.
 ...                                              
                                                  
l.3 	–í—ã—á–∏—Å
               –ª–∏—Ç–µ —Å—Ä–µ–¥–Ω–µ–µ –∑–Ω–∞—á–µ–Ω–∏–µ —Å–ø–∏–Ω–∞ $\langle\...

You may provide a definition with
\DeclareUnicodeCharacter 


! Package inputenc Error: Unicode character –ª (U+043B)
(inputenc)                not set up for use with LaTeX.

See the inputenc package documentation for explanation.
Type  H <return>  for immediate help.
 ...                                              
                                                  
l.3 	–í—ã—á–∏—Å–ª
                 –∏—Ç–µ —Å—Ä–µ–¥–Ω–µ–µ –∑–Ω–∞—á–µ–Ω–∏–µ —Å–ø–∏–Ω–∞ $\langle\...

You may provide a definition with
\DeclareUnicodeCharacter 


! Package inputenc Error: Unicode character –∏ (U+0438)
(inputenc)                not set up for use with LaTeX.

See the inputenc package documentation for explanation.
Type  H <return>  for immediate help.
 ...                                              
                                                  
l.3 	–í—ã—á–∏—Å–ª–∏
                   —Ç–µ —Å—Ä–µ–¥–Ω–µ–µ –∑–Ω–∞—á–µ–Ω–∏–µ —Å–ø–∏–Ω–∞ $\langle\...

You may provide a definition with
\DeclareUnicodeCharacter 


! Package inputenc Error: Unicode character —Ç (U+0442)
(inputenc)                not set up for use with LaTeX.

See the inputenc package documentation for explanation.
Type  H <return>  for immediate help.
 ...                                              
                                                  
l.3 	–í—ã—á–∏—Å–ª–∏—Ç
                     –µ —Å—Ä–µ–¥–Ω–µ–µ –∑–Ω–∞—á–µ–Ω–∏–µ —Å–ø–∏–Ω–∞ $\langle\...

You may provide a definition with
\DeclareUnicodeCharacter 


! Package inputenc Error: Unicode character –µ (U+0435)
(inputenc)                not set up for use with LaTeX.

See the inputenc package documentation for explanation.
Type  H <return>  for immediate help.
 ...                                              
                                                  
l.3 	–í—ã—á–∏—Å–ª–∏—Ç–µ
                        —Å—Ä–µ–¥–Ω–µ–µ –∑–Ω–∞—á–µ–Ω–∏–µ —Å–ø–∏–Ω–∞ $\langle\...

You may provide a definition with
\DeclareUnicodeCharacter 


! Package inputenc Error: Unicode character —Å (U+0441)
(inputenc)                not set up for use with LaTeX.

See the inputenc package documentation for explanation.
Type  H <return>  for immediate help.
 ...                                              
                                                  
l.3 	–í—ã—á–∏—Å–ª–∏—Ç–µ —Å
                          —Ä–µ–¥–Ω–µ–µ –∑–Ω–∞—á–µ–Ω–∏–µ —Å–ø–∏–Ω–∞ $\langle\...

You may provide a definition with
\DeclareUnicodeCharacter 


! Package inputenc Error: Unicode character —Ä (U+0440)
(inputenc)                not set up for use with LaTeX.

See the inputenc package documentation for explanation.
Type  H <return>  for immediate help.
 ...                                              
                                                  
l.3 	–í—ã—á–∏—Å–ª–∏—Ç–µ —Å—Ä
                            –µ–¥–Ω–µ–µ –∑–Ω–∞—á–µ–Ω–∏–µ —Å–ø–∏–Ω–∞ $\langle\...

You may provide a definition with
\DeclareUnicodeCharacter 


! Package inputenc Error: Unicode character –µ (U+0435)
(inputenc)                not set up for use with LaTeX.

See the inputenc package documentation for explanation.
Type  H <return>  for immediate help.
 ...                                              
                                                  
l.3 	–í—ã—á–∏—Å–ª–∏—Ç–µ —Å—Ä–µ
                              –¥–Ω–µ–µ –∑–Ω–∞—á–µ–Ω–∏–µ —Å–ø–∏–Ω–∞ $\langle\...

You may provide a definition with
\DeclareUnicodeCharacter 


! Package inputenc Error: Unicode character –¥ (U+0434)
(inputenc)                not set up for use with LaTeX.

See the inputenc package documentation for explanation.
Type  H <return>  for immediate help.
 ...                                              
                                                  
l.3 	–í—ã—á–∏—Å–ª–∏—Ç–µ —Å—Ä–µ–¥
                                –Ω–µ–µ –∑–Ω–∞—á–µ–Ω–∏–µ —Å–ø–∏–Ω–∞ $\langle\...

You may provide a definition with
\DeclareUnicodeCharacter 


! Package inputenc Error: Unicode character –Ω (U+043D)
(inputenc)                not set up for use with LaTeX.

See the inputenc package documentation for explanation.
Type  H <return>  for immediate help.
 ...                                              
                                                  
l.3 	–í—ã—á–∏—Å–ª–∏—Ç–µ —Å—Ä–µ–¥–Ω
                                  –µ–µ –∑–Ω–∞—á–µ–Ω–∏–µ —Å–ø–∏–Ω–∞ $\langle\...

You may provide a definition with
\DeclareUnicodeCharacter 


! Package inputenc Error: Unicode character –µ (U+0435)
(inputenc)                not set up for use with LaTeX.

See the inputenc package documentation for explanation.
Type  H <return>  for immediate help.
 ...                                              
                                                  
l.3 	–í—ã—á–∏—Å–ª–∏—Ç–µ —Å—Ä–µ–¥–Ω–µ
                                    –µ –∑–Ω–∞—á–µ–Ω–∏–µ —Å–ø–∏–Ω–∞ $\langle\...

You may provide a definition with
\DeclareUnicodeCharacter 


! Package inputenc Error: Unicode character –µ (U+0435)
(inputenc)                not set up for use with LaTeX.

See the inputenc package documentation for explanation.
Type  H <return>  for immediate help.
 ...                                              
                                                  
l.3 	–í—ã—á–∏—Å–ª–∏—Ç–µ —Å—Ä–µ–¥–Ω–µ–µ
                                       –∑–Ω–∞—á–µ–Ω–∏–µ —Å–ø–∏–Ω–∞ $\langle\...

You may provide a definition with
\DeclareUnicodeCharacter 


! Package inputenc Error: Unicode character –∑ (U+0437)
(inputenc)                not set up for use with LaTeX.

See the inputenc package documentation for explanation.
Type  H <return>  for immediate help.
 ...                                              
                                                  
l.3 	–í—ã—á–∏—Å–ª–∏—Ç–µ —Å—Ä–µ–¥–Ω–µ–µ –∑
                                         –Ω–∞—á–µ–Ω–∏–µ —Å–ø–∏–Ω–∞ $\langle\...

You may provide a definition with
\DeclareUnicodeCharacter 


! Package inputenc Error: Unicode character –Ω (U+043D)
(inputenc)                not set up for use with LaTeX.

See the inputenc package documentation for explanation.
Type  H <return>  for immediate help.
 ...                                              
                                                  
l.3 	–í—ã—á–∏—Å–ª–∏—Ç–µ —Å—Ä–µ–¥–Ω–µ–µ –∑–Ω
                                           –∞—á–µ–Ω–∏–µ —Å–ø–∏–Ω–∞ $\langle\...

You may provide a definition with
\DeclareUnicodeCharacter 


! Package inputenc Error: Unicode character –∞ (U+0430)
(inputenc)                not set up for use with LaTeX.

See the inputenc package documentation for explanation.
Type  H <return>  for immediate help.
 ...                                              
                                                  
l.3 	–í—ã—á–∏—Å–ª–∏—Ç–µ —Å—Ä–µ–¥–Ω–µ–µ –∑–Ω–∞
                                             —á–µ–Ω–∏–µ —Å–ø–∏–Ω–∞ $\langle\...

You may provide a definition with
\DeclareUnicodeCharacter 


! Package inputenc Error: Unicode character —á (U+0447)
(inputenc)                not set up for use with LaTeX.

See the inputenc package documentation for explanation.
Type  H <return>  for immediate help.
 ...                                              
                                                  
l.3 	–í—ã—á–∏—Å–ª–∏—Ç–µ —Å—Ä–µ–¥–Ω–µ–µ –∑–Ω–∞—á
                                               –µ–Ω–∏–µ —Å–ø–∏–Ω–∞ $\langle\...

You may provide a definition with
\DeclareUnicodeCharacter 


! Package inputenc Error: Unicode character –µ (U+0435)
(inputenc)                not set up for use with LaTeX.

See the inputenc package documentation for explanation.
Type  H <return>  for immediate help.
 ...                                              
                                                  
l.3 	–í—ã—á–∏—Å–ª–∏—Ç–µ —Å—Ä–µ–¥–Ω–µ–µ –∑–Ω–∞—á–µ
                                                 –Ω–∏–µ —Å–ø–∏–Ω–∞ $\langle\...

You may provide a definition with
\DeclareUnicodeCharacter 


! Package inputenc Error: Unicode character –Ω (U+043D)
(inputenc)                not set up for use with LaTeX.

See the inputenc package documentation for explanation.
Type  H <return>  for immediate help.
 ...                                              
                                                  
l.3 ...ã—á–∏—Å–ª–∏—Ç–µ —Å—Ä–µ–¥–Ω–µ–µ –∑–Ω–∞—á–µ–Ω
                                                  –∏–µ —Å–ø–∏–Ω–∞ $\langle\b...

You may provide a definition with
\DeclareUnicodeCharacter 


! Package inputenc Error: Unicode character –∏ (U+0438)
(inputenc)                not set up for use with LaTeX.

See the inputenc package documentation for explanation.
Type  H <return>  for immediate help.
 ...                                              
                                                  
l.3 ...á–∏—Å–ª–∏—Ç–µ —Å—Ä–µ–¥–Ω–µ–µ –∑–Ω–∞—á–µ–Ω–∏
                                                  –µ —Å–ø–∏–Ω–∞ $\langle\bol...

You may provide a definition with
\DeclareUnicodeCharacter 


! Package inputenc Error: Unicode character –µ (U+0435)
(inputenc)                not set up for use with LaTeX.

See the inputenc package documentation for explanation.
Type  H <return>  for immediate help.
 ...                                              
                                                  
l.3 ...∏—Å–ª–∏—Ç–µ —Å—Ä–µ–¥–Ω–µ–µ –∑–Ω–∞—á–µ–Ω–∏–µ
                                                   —Å–ø–∏–Ω–∞ $\langle\bolds...

You may provide a definition with
\DeclareUnicodeCharacter 


! Package inputenc Error: Unicode character —Å (U+0441)
(inputenc)                not set up for use with LaTeX.

See the inputenc package documentation for explanation.
Type  H <return>  for immediate help.
 ...                                              
                                                  
l.3 ...–ª–∏—Ç–µ —Å—Ä–µ–¥–Ω–µ–µ –∑–Ω–∞—á–µ–Ω–∏–µ —Å
                                                  –ø–∏–Ω–∞ $\langle\boldsymb...

You may provide a definition with
\DeclareUnicodeCharacter 


! Package inputenc Error: Unicode character –ø (U+043F)
(inputenc)                not set up for use with LaTeX.

See the inputenc package documentation for explanation.
Type  H <return>  for immediate help.
 ...                                              
                                                  
l.3 ...–∏—Ç–µ —Å—Ä–µ–¥–Ω–µ–µ –∑–Ω–∞—á–µ–Ω–∏–µ —Å–ø
                                                  –∏–Ω–∞ $\langle\boldsymbol...

You may provide a definition with
\DeclareUnicodeCharacter 


! Package inputenc Error: Unicode character –∏ (U+0438)
(inputenc)                not set up for use with LaTeX.

See the inputenc package documentation for explanation.
Type  H <return>  for immediate help.
 ...                                              
                                                  
l.3 ...—Ç–µ —Å—Ä–µ–¥–Ω–µ–µ –∑–Ω–∞—á–µ–Ω–∏–µ —Å–ø–∏
                                                  –Ω–∞ $\langle\boldsymbol{S...

You may provide a definition with
\DeclareUnicodeCharacter 


! Package inputenc Error: Unicode character –Ω (U+043D)
(inputenc)                not set up for use with LaTeX.

See the inputenc package documentation for explanation.
Type  H <return>  for immediate help.
 ...                                              
                                                  
l.3 ...–µ —Å—Ä–µ–¥–Ω–µ–µ –∑–Ω–∞—á–µ–Ω–∏–µ —Å–ø–∏–Ω
                                                  –∞ $\langle\boldsymbol{S}\...

You may provide a definition with
\DeclareUnicodeCharacter 


! Package inputenc Error: Unicode character –∞ (U+0430)
(inputenc)                not set up for use with LaTeX.

See the inputenc package documentation for explanation.
Type  H <return>  for immediate help.
 ...                                              
                                                  
l.3 ... —Å—Ä–µ–¥–Ω–µ–µ –∑–Ω–∞—á–µ–Ω–∏–µ —Å–ø–∏–Ω–∞
                                                   $\langle\boldsymbol{S}\ra...

You may provide a definition with
\DeclareUnicodeCharacter 

LaTeX Font Info:    External font `cmex10' loaded for size
(Font)              <7> on input line 3.
LaTeX Font Info:    External font `cmex10' loaded for size
(Font)              <5> on input line 3.
! Undefined control sequence.
l.3 ...–∞—á–µ–Ω–∏–µ —Å–ø–∏–Ω–∞ $\langle\boldsymbol
                                                  {S}\rangle$ –∏ –µ–≥–æ –¥–∏...
The control sequence at the end of the top line
of your error message was never \def'ed. If you have
misspelled it (e.g., `\hobx'), type `I' and the correct
spelling (e.g., `I\hbox'). Otherwise just continue,
and I'll forget about whatever was undefined.


! Package inputenc Error: Unicode character –∏ (U+0438)
(inputenc)                not set up for use with LaTeX.

See the inputenc package documentation for explanation.
Type  H <return>  for immediate help.
 ...                                              
                                                  
l.3 ...Å–ø–∏–Ω–∞ $\langle\boldsymbol{S}\rangle$ –∏
                                                   –µ–≥–æ –¥–∏—Å–ø–µ—Ä—Å–∏—é...

You may provide a definition with
\DeclareUnicodeCharacter 


! Package inputenc Error: Unicode character –µ (U+0435)
(inputenc)                not set up for use with LaTeX.

See the inputenc package documentation for explanation.
Type  H <return>  for immediate help.
 ...                                              
                                                  
l.3 ...–∏–Ω–∞ $\langle\boldsymbol{S}\rangle$ –∏ –µ
                                                  –≥–æ –¥–∏—Å–ø–µ—Ä—Å–∏—é $\...

You may provide a definition with
\DeclareUnicodeCharacter 


! Package inputenc Error: Unicode character –≥ (U+0433)
(inputenc)                not set up for use with LaTeX.

See the inputenc package documentation for explanation.
Type  H <return>  for immediate help.
 ...                                              
                                                  
l.3 ...–Ω–∞ $\langle\boldsymbol{S}\rangle$ –∏ –µ–≥
                                                  –æ –¥–∏—Å–ø–µ—Ä—Å–∏—é $\le...

You may provide a definition with
\DeclareUnicodeCharacter 


! Package inputenc Error: Unicode character –æ (U+043E)
(inputenc)                not set up for use with LaTeX.

See the inputenc package documentation for explanation.
Type  H <return>  for immediate help.
 ...                                              
                                                  
l.3 ...–∞ $\langle\boldsymbol{S}\rangle$ –∏ –µ–≥–æ
                                                   –¥–∏—Å–ø–µ—Ä—Å–∏—é $\left...

You may provide a definition with
\DeclareUnicodeCharacter 


! Package inputenc Error: Unicode character –¥ (U+0434)
(inputenc)                not set up for use with LaTeX.

See the inputenc package documentation for explanation.
Type  H <return>  for immediate help.
 ...                                              
                                                  
l.3 ...$\langle\boldsymbol{S}\rangle$ –∏ –µ–≥–æ –¥
                                                  –∏—Å–ø–µ—Ä—Å–∏—é $\left\la...

You may provide a definition with
\DeclareUnicodeCharacter 


! Package inputenc Error: Unicode character –∏ (U+0438)
(inputenc)                not set up for use with LaTeX.

See the inputenc package documentation for explanation.
Type  H <return>  for immediate help.
 ...                                              
                                                  
l.3 ...langle\boldsymbol{S}\rangle$ –∏ –µ–≥–æ –¥–∏
                                                  —Å–ø–µ—Ä—Å–∏—é $\left\lang...

You may provide a definition with
\DeclareUnicodeCharacter 


! Package inputenc Error: Unicode character —Å (U+0441)
(inputenc)                not set up for use with LaTeX.

See the inputenc package documentation for explanation.
Type  H <return>  for immediate help.
 ...                                              
                                                  
l.3 ...ngle\boldsymbol{S}\rangle$ –∏ –µ–≥–æ –¥–∏—Å
                                                  –ø–µ—Ä—Å–∏—é $\left\langle...

You may provide a definition with
\DeclareUnicodeCharacter 


! Package inputenc Error: Unicode character –ø (U+043F)
(inputenc)                not set up for use with LaTeX.

See the inputenc package documentation for explanation.
Type  H <return>  for immediate help.
 ...                                              
                                                  
l.3 ...le\boldsymbol{S}\rangle$ –∏ –µ–≥–æ –¥–∏—Å–ø
                                                  –µ—Ä—Å–∏—é $\left\langle(\...

You may provide a definition with
\DeclareUnicodeCharacter 


! Package inputenc Error: Unicode character –µ (U+0435)
(inputenc)                not set up for use with LaTeX.

See the inputenc package documentation for explanation.
Type  H <return>  for immediate help.
 ...                                              
                                                  
l.3 ...\boldsymbol{S}\rangle$ –∏ –µ–≥–æ –¥–∏—Å–ø–µ
                                                  —Ä—Å–∏—é $\left\langle(\bo...

You may provide a definition with
\DeclareUnicodeCharacter 


! Package inputenc Error: Unicode character —Ä (U+0440)
(inputenc)                not set up for use with LaTeX.

See the inputenc package documentation for explanation.
Type  H <return>  for immediate help.
 ...                                              
                                                  
l.3 ...oldsymbol{S}\rangle$ –∏ –µ–≥–æ –¥–∏—Å–ø–µ—Ä
                                                  —Å–∏—é $\left\langle(\bold...

You may provide a definition with
\DeclareUnicodeCharacter 


! Package inputenc Error: Unicode character —Å (U+0441)
(inputenc)                not set up for use with LaTeX.

See the inputenc package documentation for explanation.
Type  H <return>  for immediate help.
 ...                                              
                                                  
l.3 ...dsymbol{S}\rangle$ –∏ –µ–≥–æ –¥–∏—Å–ø–µ—Ä—Å
                                                  –∏—é $\left\langle(\boldsy...

You may provide a definition with
\DeclareUnicodeCharacter 


! Package inputenc Error: Unicode character –∏ (U+0438)
(inputenc)                not set up for use with LaTeX.

See the inputenc package documentation for explanation.
Type  H <return>  for immediate help.
 ...                                              
                                                  
l.3 ...ymbol{S}\rangle$ –∏ –µ–≥–æ –¥–∏—Å–ø–µ—Ä—Å–∏
                                                  —é $\left\langle(\boldsymb...

You may provide a definition with
\DeclareUnicodeCharacter 


! Package inputenc Error: Unicode character —é (U+044E)
(inputenc)                not set up for use with LaTeX.

See the inputenc package documentation for explanation.
Type  H <return>  for immediate help.
 ...                                              
                                                  
l.3 ...bol{S}\rangle$ –∏ –µ–≥–æ –¥–∏—Å–ø–µ—Ä—Å–∏—é
                                                   $\left\langle(\boldsymbol...

You may provide a definition with
\DeclareUnicodeCharacter 

! Undefined control sequence.
l.3 ...¥–∏—Å–ø–µ—Ä—Å–∏—é $\left\langle(\boldsymbol
                                                  {S}-\langle\boldsymbol{S}\...
The control sequence at the end of the top line
of your error message was never \def'ed. If you have
misspelled it (e.g., `\hobx'), type `I' and the correct
spelling (e.g., `I\hbox'). Otherwise just continue,
and I'll forget about whatever was undefined.

! Undefined control sequence.
l.3 ...ft\langle(\boldsymbol{S}-\langle\boldsymbol
                                                  {S}\rangle)^{2}\right\rang...
The control sequence at the end of the top line
of your error message was never \def'ed. If you have
misspelled it (e.g., `\hobx'), type `I' and the correct
spelling (e.g., `I\hbox'). Otherwise just continue,
and I'll forget about whatever was undefined.


! Package inputenc Error: Unicode character –¥ (U+0434)
(inputenc)                not set up for use with LaTeX.

See the inputenc package documentation for explanation.
Type  H <return>  for immediate help.
 ...                                              
                                                  
l.3 ...\boldsymbol{S}\rangle)^{2}\right\rangle$ –¥
                                                  –ª—è —á–∏—Å—Ç–æ–≥–æ $\ket{...

You may provide a definition with
\DeclareUnicodeCharacter 


! Package inputenc Error: Unicode character –ª (U+043B)
(inputenc)                not set up for use with LaTeX.

See the inputenc package documentation for explanation.
Type  H <return>  for immediate help.
 ...                                              
                                                  
l.3 ...oldsymbol{S}\rangle)^{2}\right\rangle$ –¥–ª
                                                  —è —á–∏—Å—Ç–æ–≥–æ $\ket{\c...

You may provide a definition with
\DeclareUnicodeCharacter 


! Package inputenc Error: Unicode character —è (U+044F)
(inputenc)                not set up for use with LaTeX.

See the inputenc package documentation for explanation.
Type  H <return>  for immediate help.
 ...                                              
                                                  
l.3 ...dsymbol{S}\rangle)^{2}\right\rangle$ –¥–ª—è
                                                   —á–∏—Å—Ç–æ–≥–æ $\ket{\chi...

You may provide a definition with
\DeclareUnicodeCharacter 


! Package inputenc Error: Unicode character —á (U+0447)
(inputenc)                not set up for use with LaTeX.

See the inputenc package documentation for explanation.
Type  H <return>  for immediate help.
 ...                                              
                                                  
l.3 ...mbol{S}\rangle)^{2}\right\rangle$ –¥–ª—è —á
                                                  –∏—Å—Ç–æ–≥–æ $\ket{\chi}= ...

You may provide a definition with
\DeclareUnicodeCharacter 


! Package inputenc Error: Unicode character –∏ (U+0438)
(inputenc)                not set up for use with LaTeX.

See the inputenc package documentation for explanation.
Type  H <return>  for immediate help.
 ...                                              
                                                  
l.3 ...ol{S}\rangle)^{2}\right\rangle$ –¥–ª—è —á–∏
                                                  —Å—Ç–æ–≥–æ $\ket{\chi}= (\...

You may provide a definition with
\DeclareUnicodeCharacter 


! Package inputenc Error: Unicode character —Å (U+0441)
(inputenc)                not set up for use with LaTeX.

See the inputenc package documentation for explanation.
Type  H <return>  for immediate help.
 ...                                              
                                                  
l.3 ...{S}\rangle)^{2}\right\rangle$ –¥–ª—è —á–∏—Å
                                                  —Ç–æ–≥–æ $\ket{\chi}= (\ke...

You may provide a definition with
\DeclareUnicodeCharacter 


! Package inputenc Error: Unicode character —Ç (U+0442)
(inputenc)                not set up for use with LaTeX.

See the inputenc package documentation for explanation.
Type  H <return>  for immediate help.
 ...                                              
                                                  
l.3 ...}\rangle)^{2}\right\rangle$ –¥–ª—è —á–∏—Å—Ç
                                                  –æ–≥–æ $\ket{\chi}= (\ket{...

You may provide a definition with
\DeclareUnicodeCharacter 


! Package inputenc Error: Unicode character –æ (U+043E)
(inputenc)                not set up for use with LaTeX.

See the inputenc package documentation for explanation.
Type  H <return>  for immediate help.
 ...                                              
                                                  
l.3 ...rangle)^{2}\right\rangle$ –¥–ª—è —á–∏—Å—Ç–æ
                                                  –≥–æ $\ket{\chi}= (\ket{\u...

You may provide a definition with
\DeclareUnicodeCharacter 


! Package inputenc Error: Unicode character –≥ (U+0433)
(inputenc)                not set up for use with LaTeX.

See the inputenc package documentation for explanation.
Type  H <return>  for immediate help.
 ...                                              
                                                  
l.3 ...ngle)^{2}\right\rangle$ –¥–ª—è —á–∏—Å—Ç–æ–≥
                                                  –æ $\ket{\chi}= (\ket{\upa...

You may provide a definition with
\DeclareUnicodeCharacter 


! Package inputenc Error: Unicode character –æ (U+043E)
(inputenc)                not set up for use with LaTeX.

See the inputenc package documentation for explanation.
Type  H <return>  for immediate help.
 ...                                              
                                                  
l.3 ...le)^{2}\right\rangle$ –¥–ª—è —á–∏—Å—Ç–æ–≥–æ
                                                   $\ket{\chi}= (\ket{\uparr...

You may provide a definition with
\DeclareUnicodeCharacter 

! Undefined control sequence.
<recently read> \ket 
                     
l.3 ...}\right\rangle$ –¥–ª—è —á–∏—Å—Ç–æ–≥–æ $\ket
                                                  {\chi}= (\ket{\uparrow}+\k...
The control sequence at the end of the top line
of your error message was never \def'ed. If you have
misspelled it (e.g., `\hobx'), type `I' and the correct
spelling (e.g., `I\hbox'). Otherwise just continue,
and I'll forget about whatever was undefined.

! Undefined control sequence.
l.3 ...e$ –¥–ª—è —á–∏—Å—Ç–æ–≥–æ $\ket{\chi}= (\ket
                                                  {\uparrow}+\ket{\downarrow...
The control sequence at the end of the top line
of your error message was never \def'ed. If you have
misspelled it (e.g., `\hobx'), type `I' and the correct
spelling (e.g., `I\hbox'). Otherwise just continue,
and I'll forget about whatever was undefined.

! Undefined control sequence.
l.3 ...Å—Ç–æ–≥–æ $\ket{\chi}= (\ket{\uparrow}+\ket
                                                  {\downarrow}) / \sqrt{2}$ ...
The control sequence at the end of the top line
of your error message was never \def'ed. If you have
misspelled it (e.g., `\hobx'), type `I' and the correct
spelling (e.g., `I\hbox'). Otherwise just continue,
and I'll forget about whatever was undefined.

Missing character: There is no 2 in font nullfont!

! Package inputenc Error: Unicode character –∏ (U+0438)
(inputenc)                not set up for use with LaTeX.

See the inputenc package documentation for explanation.
Type  H <return>  for immediate help.
 ...                                              
                                                  
l.3 ...uparrow}+\ket{\downarrow}) / \sqrt{2}$ 2 –∏
                                                   —Å–º–µ—à–∞–Ω–Ω–æ–≥–æ $\ha...

You may provide a definition with
\DeclareUnicodeCharacter 


! Package inputenc Error: Unicode character —Å (U+0441)
(inputenc)                not set up for use with LaTeX.

See the inputenc package documentation for explanation.
Type  H <return>  for immediate help.
 ...                                              
                                                  
l.3 ...rrow}+\ket{\downarrow}) / \sqrt{2}$ 2 –∏ —Å
                                                  –º–µ—à–∞–Ω–Ω–æ–≥–æ $\hat{\...

You may provide a definition with
\DeclareUnicodeCharacter 


! Package inputenc Error: Unicode character –º (U+043C)
(inputenc)                not set up for use with LaTeX.

See the inputenc package documentation for explanation.
Type  H <return>  for immediate help.
 ...                                              
                                                  
l.3 ...ow}+\ket{\downarrow}) / \sqrt{2}$ 2 –∏ —Å–º
                                                  –µ—à–∞–Ω–Ω–æ–≥–æ $\hat{\rh...

You may provide a definition with
\DeclareUnicodeCharacter 


! Package inputenc Error: Unicode character –µ (U+0435)
(inputenc)                not set up for use with LaTeX.

See the inputenc package documentation for explanation.
Type  H <return>  for immediate help.
 ...                                              
                                                  
l.3 ...}+\ket{\downarrow}) / \sqrt{2}$ 2 –∏ —Å–º–µ
                                                  —à–∞–Ω–Ω–æ–≥–æ $\hat{\rho}...

You may provide a definition with
\DeclareUnicodeCharacter 


! Package inputenc Error: Unicode character —à (U+0448)
(inputenc)                not set up for use with LaTeX.

See the inputenc package documentation for explanation.
Type  H <return>  for immediate help.
 ...                                              
                                                  
l.3 ...\ket{\downarrow}) / \sqrt{2}$ 2 –∏ —Å–º–µ—à
                                                  –∞–Ω–Ω–æ–≥–æ $\hat{\rho}=\...

You may provide a definition with
\DeclareUnicodeCharacter 


! Package inputenc Error: Unicode character –∞ (U+0430)
(inputenc)                not set up for use with LaTeX.

See the inputenc package documentation for explanation.
Type  H <return>  for immediate help.
 ...                                              
                                                  
l.3 ...et{\downarrow}) / \sqrt{2}$ 2 –∏ —Å–º–µ—à–∞
                                                  –Ω–Ω–æ–≥–æ $\hat{\rho}=\le...

You may provide a definition with
\DeclareUnicodeCharacter 


! Package inputenc Error: Unicode character –Ω (U+043D)
(inputenc)                not set up for use with LaTeX.

See the inputenc package documentation for explanation.
Type  H <return>  for immediate help.
 ...                                              
                                                  
l.3 ...{\downarrow}) / \sqrt{2}$ 2 –∏ —Å–º–µ—à–∞–Ω
                                                  –Ω–æ–≥–æ $\hat{\rho}=\left...

You may provide a definition with
\DeclareUnicodeCharacter 


! Package inputenc Error: Unicode character –Ω (U+043D)
(inputenc)                not set up for use with LaTeX.

See the inputenc package documentation for explanation.
Type  H <return>  for immediate help.
 ...                                              
                                                  
l.3 ...downarrow}) / \sqrt{2}$ 2 –∏ —Å–º–µ—à–∞–Ω–Ω
                                                  –æ–≥–æ $\hat{\rho}=\left(\...

You may provide a definition with
\DeclareUnicodeCharacter 


! Package inputenc Error: Unicode character –æ (U+043E)
(inputenc)                not set up for use with LaTeX.

See the inputenc package documentation for explanation.
Type  H <return>  for immediate help.
 ...                                              
                                                  
l.3 ...wnarrow}) / \sqrt{2}$ 2 –∏ —Å–º–µ—à–∞–Ω–Ω–æ
                                                  –≥–æ $\hat{\rho}=\left(\ha...

You may provide a definition with
\DeclareUnicodeCharacter 


! Package inputenc Error: Unicode character –≥ (U+0433)
(inputenc)                not set up for use with LaTeX.

See the inputenc package documentation for explanation.
Type  H <return>  for immediate help.
 ...                                              
                                                  
l.3 ...arrow}) / \sqrt{2}$ 2 –∏ —Å–º–µ—à–∞–Ω–Ω–æ–≥
                                                  –æ $\hat{\rho}=\left(\hat{...

You may provide a definition with
\DeclareUnicodeCharacter 


! Package inputenc Error: Unicode character –æ (U+043E)
(inputenc)                not set up for use with LaTeX.

See the inputenc package documentation for explanation.
Type  H <return>  for immediate help.
 ...                                              
                                                  
l.3 ...row}) / \sqrt{2}$ 2 –∏ —Å–º–µ—à–∞–Ω–Ω–æ–≥–æ
                                                   $\hat{\rho}=\left(\hat{\m...

You may provide a definition with
\DeclareUnicodeCharacter 

! Undefined control sequence.
l.3 ...–∞–Ω–Ω–æ–≥–æ $\hat{\rho}=\left(\hat{\mathbb
                                                  {P}}_{\uparrow}+\hat{\math...
The control sequence at the end of the top line
of your error message was never \def'ed. If you have
misspelled it (e.g., `\hobx'), type `I' and the correct
spelling (e.g., `I\hbox'). Otherwise just continue,
and I'll forget about whatever was undefined.

! Undefined control sequence.
l.3 ...ft(\hat{\mathbb{P}}_{\uparrow}+\hat{\mathbb
                                                  {P}}_{\downarrow}\right) /...
The control sequence at the end of the top line
of your error message was never \def'ed. If you have
misspelled it (e.g., `\hobx'), type `I' and the correct
spelling (e.g., `I\hbox'). Otherwise just continue,
and I'll forget about whatever was undefined.


! Package inputenc Error: Unicode character —Å (U+0441)
(inputenc)                not set up for use with LaTeX.

See the inputenc package documentation for explanation.
Type  H <return>  for immediate help.
 ...                                              
                                                  
l.3 ...at{\mathbb{P}}_{\downarrow}\right) / 2$  —Å
                                                  –æ—Å—Ç–æ—è–Ω–∏–π —Å–ø–∏–Ω–...

You may provide a definition with
\DeclareUnicodeCharacter 


! Package inputenc Error: Unicode character –æ (U+043E)
(inputenc)                not set up for use with LaTeX.

See the inputenc package documentation for explanation.
Type  H <return>  for immediate help.
 ...                                              
                                                  
l.3 ...{\mathbb{P}}_{\downarrow}\right) / 2$  —Å–æ
                                                  —Å—Ç–æ—è–Ω–∏–π —Å–ø–∏–Ω–∞ ...

You may provide a definition with
\DeclareUnicodeCharacter 


! Package inputenc Error: Unicode character —Å (U+0441)
(inputenc)                not set up for use with LaTeX.

See the inputenc package documentation for explanation.
Type  H <return>  for immediate help.
 ...                                              
                                                  
l.3 ...mathbb{P}}_{\downarrow}\right) / 2$  —Å–æ—Å
                                                  —Ç–æ—è–Ω–∏–π —Å–ø–∏–Ω–∞ $1...

You may provide a definition with
\DeclareUnicodeCharacter 


! Package inputenc Error: Unicode character —Ç (U+0442)
(inputenc)                not set up for use with LaTeX.

See the inputenc package documentation for explanation.
Type  H <return>  for immediate help.
 ...                                              
                                                  
l.3 ...thbb{P}}_{\downarrow}\right) / 2$  —Å–æ—Å—Ç
                                                  –æ—è–Ω–∏–π —Å–ø–∏–Ω–∞ $1/ ...

You may provide a definition with
\DeclareUnicodeCharacter 


! Package inputenc Error: Unicode character –æ (U+043E)
(inputenc)                not set up for use with LaTeX.

See the inputenc package documentation for explanation.
Type  H <return>  for immediate help.
 ...                                              
                                                  
l.3 ...bb{P}}_{\downarrow}\right) / 2$  —Å–æ—Å—Ç–æ
                                                  —è–Ω–∏–π —Å–ø–∏–Ω–∞ $1/ 2$...

You may provide a definition with
\DeclareUnicodeCharacter 


! Package inputenc Error: Unicode character —è (U+044F)
(inputenc)                not set up for use with LaTeX.

See the inputenc package documentation for explanation.
Type  H <return>  for immediate help.
 ...                                              
                                                  
l.3 ...{P}}_{\downarrow}\right) / 2$  —Å–æ—Å—Ç–æ—è
                                                  –Ω–∏–π —Å–ø–∏–Ω–∞ $1/ 2$. ...

You may provide a definition with
\DeclareUnicodeCharacter 


! Package inputenc Error: Unicode character –Ω (U+043D)
(inputenc)                not set up for use with LaTeX.

See the inputenc package documentation for explanation.
Type  H <return>  for immediate help.
 ...                                              
                                                  
l.3 ...}}_{\downarrow}\right) / 2$  —Å–æ—Å—Ç–æ—è–Ω
                                                  –∏–π —Å–ø–∏–Ω–∞ $1/ 2$. \t...

You may provide a definition with
\DeclareUnicodeCharacter 


! Package inputenc Error: Unicode character –∏ (U+0438)
(inputenc)                not set up for use with LaTeX.

See the inputenc package documentation for explanation.
Type  H <return>  for immediate help.
 ...                                              
                                                  
l.3 ..._{\downarrow}\right) / 2$  —Å–æ—Å—Ç–æ—è–Ω–∏
                                                  –π —Å–ø–∏–Ω–∞ $1/ 2$. \tex...

You may provide a definition with
\DeclareUnicodeCharacter 


! Package inputenc Error: Unicode character –π (U+0439)
(inputenc)                not set up for use with LaTeX.

See the inputenc package documentation for explanation.
Type  H <return>  for immediate help.
 ...                                              
                                                  
l.3 ...\downarrow}\right) / 2$  —Å–æ—Å—Ç–æ—è–Ω–∏–π
                                                   —Å–ø–∏–Ω–∞ $1/ 2$. \texti...

You may provide a definition with
\DeclareUnicodeCharacter 


! Package inputenc Error: Unicode character —Å (U+0441)
(inputenc)                not set up for use with LaTeX.

See the inputenc package documentation for explanation.
Type  H <return>  for immediate help.
 ...                                              
                                                  
l.3 ...wnarrow}\right) / 2$  —Å–æ—Å—Ç–æ—è–Ω–∏–π —Å
                                                  –ø–∏–Ω–∞ $1/ 2$. \textit{–...

You may provide a definition with
\DeclareUnicodeCharacter 


! Package inputenc Error: Unicode character –ø (U+043F)
(inputenc)                not set up for use with LaTeX.

See the inputenc package documentation for explanation.
Type  H <return>  for immediate help.
 ...                                              
                                                  
l.3 ...arrow}\right) / 2$  —Å–æ—Å—Ç–æ—è–Ω–∏–π —Å–ø
                                                  –∏–Ω–∞ $1/ 2$. \textit{–ö–...

You may provide a definition with
\DeclareUnicodeCharacter 


! Package inputenc Error: Unicode character –∏ (U+0438)
(inputenc)                not set up for use with LaTeX.

See the inputenc package documentation for explanation.
Type  H <return>  for immediate help.
 ...                                              
                                                  
l.3 ...row}\right) / 2$  —Å–æ—Å—Ç–æ—è–Ω–∏–π —Å–ø–∏
                                                  –Ω–∞ $1/ 2$. \textit{–ö–æ–...

You may provide a definition with
\DeclareUnicodeCharacter 


! Package inputenc Error: Unicode character –Ω (U+043D)
(inputenc)                not set up for use with LaTeX.

See the inputenc package documentation for explanation.
Type  H <return>  for immediate help.
 ...                                              
                                                  
l.3 ...w}\right) / 2$  —Å–æ—Å—Ç–æ—è–Ω–∏–π —Å–ø–∏–Ω
                                                  –∞ $1/ 2$. \textit{–ö–æ–º–...

You may provide a definition with
\DeclareUnicodeCharacter 


! Package inputenc Error: Unicode character –∞ (U+0430)
(inputenc)                not set up for use with LaTeX.

See the inputenc package documentation for explanation.
Type  H <return>  for immediate help.
 ...                                              
                                                  
l.3 ...\right) / 2$  —Å–æ—Å—Ç–æ—è–Ω–∏–π —Å–ø–∏–Ω–∞
                                                   $1/ 2$. \textit{–ö–æ–º–º–...

You may provide a definition with
\DeclareUnicodeCharacter 

Missing character: There is no . in font nullfont!

! Package inputenc Error: Unicode character –ö (U+041A)
(inputenc)                not set up for use with LaTeX.

See the inputenc package documentation for explanation.
Type  H <return>  for immediate help.
 ...                                              
                                                  
l.3 ...–∞ $1/ 2$. \textit{–ö–æ–º–º–µ–Ω—Ç–∞—Ä–∏–π:}
                                                    –ø–µ—Ä–≤–∞—è –≤–µ–ª–∏—á–...

You may provide a definition with
\DeclareUnicodeCharacter 


! Package inputenc Error: Unicode character –æ (U+043E)
(inputenc)                not set up for use with LaTeX.

See the inputenc package documentation for explanation.
Type  H <return>  for immediate help.
 ...                                              
                                                  
l.3 ...–∞ $1/ 2$. \textit{–ö–æ–º–º–µ–Ω—Ç–∞—Ä–∏–π:}
                                                    –ø–µ—Ä–≤–∞—è –≤–µ–ª–∏—á–...

You may provide a definition with
\DeclareUnicodeCharacter 


! Package inputenc Error: Unicode character –º (U+043C)
(inputenc)                not set up for use with LaTeX.

See the inputenc package documentation for explanation.
Type  H <return>  for immediate help.
 ...                                              
                                                  
l.3 ...–∞ $1/ 2$. \textit{–ö–æ–º–º–µ–Ω—Ç–∞—Ä–∏–π:}
                                                    –ø–µ—Ä–≤–∞—è –≤–µ–ª–∏—á–...

You may provide a definition with
\DeclareUnicodeCharacter 


! Package inputenc Error: Unicode character –º (U+043C)
(inputenc)                not set up for use with LaTeX.

See the inputenc package documentation for explanation.
Type  H <return>  for immediate help.
 ...                                              
                                                  
l.3 ...–∞ $1/ 2$. \textit{–ö–æ–º–º–µ–Ω—Ç–∞—Ä–∏–π:}
                                                    –ø–µ—Ä–≤–∞—è –≤–µ–ª–∏—á–...

You may provide a definition with
\DeclareUnicodeCharacter 


! Package inputenc Error: Unicode character –µ (U+0435)
(inputenc)                not set up for use with LaTeX.

See the inputenc package documentation for explanation.
Type  H <return>  for immediate help.
 ...                                              
                                                  
l.3 ...–∞ $1/ 2$. \textit{–ö–æ–º–º–µ–Ω—Ç–∞—Ä–∏–π:}
                                                    –ø–µ—Ä–≤–∞—è –≤–µ–ª–∏—á–...
(That makes 100 errors; please try again.) 
Here is how much of TeX's memory you used:
 37 strings out of 492895
 619 string characters out of 3133479
 57609 words of memory out of 3000000
 4051 multiletter control sequences out of 15000+200000
 3986 words of font info for 15 fonts, out of 3000000 for 9000
 1141 hyphenation exceptions out of 8191
 18i,4n,12p,571b,90s stack positions out of 5000i,500n,10000p,200000b,50000s

!  ==> Fatal error occurred, no output PDF file produced!
